2025-06-27T16:51:36.280920Z INFO  plot_voltage.py Reading /Users/rweigel/git/lucywilkerson/2024-May-Storm-data/Electric__Power_Transmission_Lines/Electric__Power_Transmission_Lines.shp
2025-06-27T16:51:37.738604Z INFO  plot_voltage.py Voltage: 3.0 kV, # Lines: 2; Total Length: 6.27 km
2025-06-27T16:51:37.739016Z INFO  plot_voltage.py Voltage: 7.5 kV, # Lines: 1; Total Length: 14.15 km
2025-06-27T16:51:37.739330Z INFO  plot_voltage.py Voltage: 13.8 kV, # Lines: 13; Total Length: 1.94 km
2025-06-27T16:51:37.739616Z INFO  plot_voltage.py Voltage: 23.0 kV, # Lines: 1; Total Length: 3.68 km
2025-06-27T16:51:37.739893Z INFO  plot_voltage.py Voltage: 24.9 kV, # Lines: 1; Total Length: 0.62 km
2025-06-27T16:51:37.740168Z INFO  plot_voltage.py Voltage: 25.0 kV, # Lines: 1; Total Length: 0.95 km
2025-06-27T16:51:37.740452Z INFO  plot_voltage.py Voltage: 33.0 kV, # Lines: 53; Total Length: 638.90 km
2025-06-27T16:51:37.740726Z INFO  plot_voltage.py Voltage: 34.0 kV, # Lines: 24; Total Length: 96.44 km
2025-06-27T16:51:37.741286Z INFO  plot_voltage.py Voltage: 34.5 kV, # Lines: 420; Total Length: 3438.72 km
2025-06-27T16:51:37.741556Z INFO  plot_voltage.py Voltage: 35.0 kV, # Lines: 1; Total Length: 24.04 km
2025-06-27T16:51:37.741902Z INFO  plot_voltage.py Voltage: 38.0 kV, # Lines: 39; Total Length: 193.14 km
2025-06-27T16:51:37.742168Z INFO  plot_voltage.py Voltage: 40.0 kV, # Lines: 9; Total Length: 27.20 km
2025-06-27T16:51:37.742545Z INFO  plot_voltage.py Voltage: 41.6 kV, # Lines: 372; Total Length: 4903.42 km
2025-06-27T16:51:37.742817Z INFO  plot_voltage.py Voltage: 41.8 kV, # Lines: 15; Total Length: 263.85 km
2025-06-27T16:51:37.743074Z INFO  plot_voltage.py Voltage: 43.8 kV, # Lines: 1; Total Length: 0.03 km
2025-06-27T16:51:37.743328Z INFO  plot_voltage.py Voltage: 45.0 kV, # Lines: 1; Total Length: 0.67 km
2025-06-27T16:51:37.743838Z INFO  plot_voltage.py Voltage: 46.0 kV, # Lines: 750; Total Length: 6720.42 km
2025-06-27T16:51:37.744102Z INFO  plot_voltage.py Voltage: 49.0 kV, # Lines: 1; Total Length: 0.34 km
2025-06-27T16:51:37.744363Z INFO  plot_voltage.py Voltage: 50.0 kV, # Lines: 3; Total Length: 23.41 km
2025-06-27T16:51:37.744620Z INFO  plot_voltage.py Voltage: 53.0 kV, # Lines: 1; Total Length: 14.61 km
2025-06-27T16:51:37.744877Z INFO  plot_voltage.py Voltage: 55.0 kV, # Lines: 11; Total Length: 263.59 km
2025-06-27T16:51:37.745154Z INFO  plot_voltage.py Voltage: 57.0 kV, # Lines: 64; Total Length: 343.24 km
2025-06-27T16:51:37.745421Z INFO  plot_voltage.py Voltage: 57.1 kV, # Lines: 20; Total Length: 210.62 km
2025-06-27T16:51:37.745864Z INFO  plot_voltage.py Voltage: 60.0 kV, # Lines: 1199; Total Length: 9646.50 km
2025-06-27T16:51:37.746343Z INFO  plot_voltage.py Voltage: 66.0 kV, # Lines: 1080; Total Length: 6446.02 km
2025-06-27T16:51:37.751144Z INFO  plot_voltage.py Voltage: 69.0 kV, # Lines: 22936; Total Length: 186360.14 km
2025-06-27T16:51:37.752622Z INFO  plot_voltage.py Voltage: 70.0 kV, # Lines: 115; Total Length: 1138.37 km
2025-06-27T16:51:37.753251Z INFO  plot_voltage.py Voltage: 72.0 kV, # Lines: 1; Total Length: 0.71 km
2025-06-27T16:51:37.753518Z INFO  plot_voltage.py Voltage: 88.0 kV, # Lines: 1; Total Length: 6.81 km
2025-06-27T16:51:37.753775Z INFO  plot_voltage.py Voltage: 89.0 kV, # Lines: 6; Total Length: 28.56 km
2025-06-27T16:51:37.754056Z INFO  plot_voltage.py Voltage: 92.0 kV, # Lines: 79; Total Length: 762.98 km
2025-06-27T16:51:37.754705Z INFO  plot_voltage.py Voltage: 100.0 kV, # Lines: 1923; Total Length: 11492.47 km
2025-06-27T16:51:37.755015Z INFO  plot_voltage.py Voltage: 110.0 kV, # Lines: 15; Total Length: 176.18 km
2025-06-27T16:51:37.755286Z INFO  plot_voltage.py Voltage: 114.0 kV, # Lines: 1; Total Length: 0.03 km
2025-06-27T16:51:37.758628Z INFO  plot_voltage.py Voltage: 115.0 kV, # Lines: 21245; Total Length: 201825.92 km
2025-06-27T16:51:37.760040Z INFO  plot_voltage.py Voltage: 120.0 kV, # Lines: 425; Total Length: 5547.61 km
2025-06-27T16:51:37.760605Z INFO  plot_voltage.py Voltage: 128.0 kV, # Lines: 9; Total Length: 90.03 km
2025-06-27T16:51:37.760866Z INFO  plot_voltage.py Voltage: 130.0 kV, # Lines: 12; Total Length: 73.37 km
2025-06-27T16:51:37.761168Z INFO  plot_voltage.py Voltage: 132.0 kV, # Lines: 30; Total Length: 167.45 km
2025-06-27T16:51:37.761413Z INFO  plot_voltage.py Voltage: 134.0 kV, # Lines: 1; Total Length: 2.48 km
2025-06-27T16:51:37.761655Z INFO  plot_voltage.py Voltage: 135.0 kV, # Lines: 3; Total Length: 4.93 km
2025-06-27T16:51:37.763925Z INFO  plot_voltage.py Voltage: 138.0 kV, # Lines: 14047; Total Length: 156901.10 km
2025-06-27T16:51:37.765645Z INFO  plot_voltage.py Voltage: 161.0 kV, # Lines: 4537; Total Length: 61598.51 km
2025-06-27T16:51:37.766160Z INFO  plot_voltage.py Voltage: 167.0 kV, # Lines: 1; Total Length: 7.36 km
2025-06-27T16:51:37.766574Z INFO  plot_voltage.py Voltage: 169.0 kV, # Lines: 1; Total Length: 1.62 km
2025-06-27T16:51:37.766816Z INFO  plot_voltage.py Voltage: 200.0 kV, # Lines: 1; Total Length: 96.84 km
2025-06-27T16:51:37.767052Z INFO  plot_voltage.py Voltage: 218.0 kV, # Lines: 1; Total Length: 29.24 km
2025-06-27T16:51:37.767299Z INFO  plot_voltage.py Voltage: 220.0 kV, # Lines: 35; Total Length: 1903.72 km
2025-06-27T16:51:37.768590Z INFO  plot_voltage.py Voltage: 230.0 kV, # Lines: 7178; Total Length: 161014.21 km
2025-06-27T16:51:37.769061Z INFO  plot_voltage.py Voltage: 232.0 kV, # Lines: 2; Total Length: 0.33 km
2025-06-27T16:51:37.769325Z INFO  plot_voltage.py Voltage: 236.0 kV, # Lines: 2; Total Length: 11.45 km
2025-06-27T16:51:37.769568Z INFO  plot_voltage.py Voltage: 238.0 kV, # Lines: 2; Total Length: 42.67 km
2025-06-27T16:51:37.769807Z INFO  plot_voltage.py Voltage: 240.0 kV, # Lines: 4; Total Length: 1.95 km
2025-06-27T16:51:37.770049Z INFO  plot_voltage.py Voltage: 245.0 kV, # Lines: 1; Total Length: 0.54 km
2025-06-27T16:51:37.770287Z INFO  plot_voltage.py Voltage: 250.0 kV, # Lines: 1; Total Length: 1048.45 km
2025-06-27T16:51:37.770524Z INFO  plot_voltage.py Voltage: 273.0 kV, # Lines: 2; Total Length: 13.18 km
2025-06-27T16:51:37.770762Z INFO  plot_voltage.py Voltage: 275.0 kV, # Lines: 3; Total Length: 7.32 km
2025-06-27T16:51:37.771001Z INFO  plot_voltage.py Voltage: 287.0 kV, # Lines: 3; Total Length: 795.47 km
2025-06-27T16:51:37.771734Z INFO  plot_voltage.py Voltage: 345.0 kV, # Lines: 2586; Total Length: 121156.20 km
2025-06-27T16:51:37.772036Z INFO  plot_voltage.py Voltage: 348.0 kV, # Lines: 4; Total Length: 0.85 km
2025-06-27T16:51:37.772278Z INFO  plot_voltage.py Voltage: 400.0 kV, # Lines: 1; Total Length: 936.84 km
2025-06-27T16:51:37.772512Z INFO  plot_voltage.py Voltage: 450.0 kV, # Lines: 2; Total Length: 424.17 km
2025-06-27T16:51:37.772934Z INFO  plot_voltage.py Voltage: 500.0 kV, # Lines: 808; Total Length: 53850.74 km
2025-06-27T16:51:37.773207Z INFO  plot_voltage.py Voltage: 765.0 kV, # Lines: 46; Total Length: 4489.06 km
2025-06-27T16:51:37.773447Z INFO  plot_voltage.py Voltage: 1000.0 kV, # Lines: 1; Total Length: 1422.88 km
2025-06-27T16:51:38.116509Z INFO  plot_voltage.py Writing /Users/rweigel/git/lucywilkerson/2024-May-Storm-data/_results/trans_lines_count.png
2025-06-27T16:51:39.223580Z INFO  plot_voltage.py Writing /Users/rweigel/git/lucywilkerson/2024-May-Storm-data/_results/trans_lines_count.pdf
2025-06-27T16:51:39.467152Z INFO  plot_voltage.py Writing /Users/rweigel/git/lucywilkerson/2024-May-Storm-data/_results/trans_lines_length.png
2025-06-27T16:51:40.508323Z INFO  plot_voltage.py Writing /Users/rweigel/git/lucywilkerson/2024-May-Storm-data/_results/trans_lines_length.pdf
