2025-05-15 15:07:15,501 - INFO - Linear Regression for 27      0.963125
233     0.951439
1069    0.943138
701     0.917430
813     0.901227
          ...   
549     0.807897
776     0.890336
400     0.892916
191     0.961256
1075    0.972091
Name: cc, Length: 1081, dtype: float64 with only dist(km):
2025-05-15 15:08:53,698 - INFO - Linear Regression for 27      0.963125
233     0.951439
1069    0.943138
701     0.917430
813     0.901227
          ...   
549     0.807897
776     0.890336
400     0.892916
191     0.961256
1075    0.972091
Name: cc, Length: 1081, dtype: float64 with only dist(km):
2025-05-15 15:08:53,700 - INFO -   Coefficient: -0.00010521616327229803
2025-05-15 15:08:53,700 - INFO -   Intercept: 0.39313904102772934
2025-05-15 15:08:53,700 - INFO -   Sum of Squares Error: 41.4371597964232
2025-05-15 15:10:30,437 - INFO - Linear Regression for 27      0.963125
233     0.951439
1069    0.943138
701     0.917430
813     0.901227
          ...   
549     0.807897
776     0.890336
400     0.892916
191     0.961256
1075    0.972091
Name: cc, Length: 1081, dtype: float64 with only dist(km):
2025-05-15 15:10:30,437 - INFO -   Coefficient: -0.00010521616327229803
2025-05-15 15:10:30,437 - INFO -   Intercept: 0.39313904102772934
2025-05-15 15:10:30,437 - INFO -   Sum of Squares Error: 41.4371597964232
2025-05-15 15:10:30,437 - INFO - 

2025-05-15 15:10:35,465 - INFO - Linear Regression for 27      0.963125
233     0.951439
1069    0.943138
701     0.917430
813     0.901227
          ...   
549     0.807897
776     0.890336
400     0.892916
191     0.961256
1075    0.972091
Name: cc, Length: 1081, dtype: float64 with only beta_diff:
2025-05-15 15:10:35,465 - INFO -   Coefficient: 0.016476173576311145
2025-05-15 15:10:35,465 - INFO -   Intercept: 0.2552950529324109
2025-05-15 15:10:35,465 - INFO -   Sum of Squares Error: 53.75138529912495
2025-05-15 15:10:35,465 - INFO - 

2025-05-15 15:10:36,284 - INFO - Linear Regression for 27      0.963125
233     0.951439
1069    0.943138
701     0.917430
813     0.901227
          ...   
549     0.807897
776     0.890336
400     0.892916
191     0.961256
1075    0.972091
Name: cc, Length: 1081, dtype: float64 with only lat_diff:
2025-05-15 15:10:36,284 - INFO -   Coefficient: 0.007304999907344516
2025-05-15 15:10:36,284 - INFO -   Intercept: 0.2733619989809792
2025-05-15 15:10:36,284 - INFO -   Sum of Squares Error: 51.937768365566235
2025-05-15 15:10:36,284 - INFO - 

2025-05-15 15:10:36,791 - INFO - Linear Regression with All Features for 27      0.963125
233     0.951439
1069    0.943138
701     0.917430
813     0.901227
          ...   
549     0.807897
776     0.890336
400     0.892916
191     0.961256
1075    0.972091
Name: cc, Length: 1081, dtype: float64:
2025-05-15 15:10:36,792 - INFO -   Coefficient for dist(km): -0.00010399118709419796
2025-05-15 15:10:36,792 - INFO -   Coefficient for beta_diff: 0.027137666848692253
2025-05-15 15:10:36,792 - INFO -   Coefficient for lat_diff: 0.003153587551345576
2025-05-15 15:10:36,798 - INFO - 

2025-05-15 15:10:37,350 - INFO - Best Linear Regression Model with Cross Terms (Based on AIC) for 27      0.963125
233     0.951439
1069    0.943138
701     0.917430
813     0.901227
          ...   
549     0.807897
776     0.890336
400     0.892916
191     0.961256
1075    0.972091
Name: cc, Length: 1081, dtype: float64:
2025-05-15 15:10:37,350 - INFO -   Coefficients:
2025-05-15 15:10:37,350 - INFO -     Coefficient for dist(km): -0.0002983884673758079
2025-05-15 15:10:37,350 - INFO -     Coefficient for lat_diff: 0.004570129964491386
2025-05-15 15:10:37,350 - INFO -     Coefficient for dist(km)*dist(km): 5.78786093479583e-08
2025-05-15 15:10:37,350 - INFO -     Coefficient for dist(km)*lat_diff: -1.259240440954069e-06
2025-05-15 15:10:37,350 - INFO -     Coefficient for lat_diff*lat_diff: -0.0002574592534529786
2025-05-15 15:10:37,369 - INFO - 

2025-05-15 15:10:45,188 - INFO - Linear Regression for [ 4.22369338  1.81643571  4.55341928  0.97162727  5.43328067  3.58009119
  1.10551597  0.93373116  0.43389507  0.20413803  3.95954792  2.86655638
  1.66845208  8.8196346   2.0697827   2.47398021  3.89055423  1.56979774
  4.56353289  3.69928341 18.04778331  1.3536574   8.81452809  0.88954252
  8.19850039  1.27380509  1.06619351  0.68715895  3.85136199  0.85693718
  0.85335999  1.06411879  0.41154928  1.50488698  0.48663251  1.51524287
  0.95974609  3.70521513  1.97375438  0.93586368  0.78124354  0.65085836
  0.83566138  0.76635085  0.57415044  3.75307702  1.94270869] with only geo_lat:
2025-05-15 15:10:45,188 - INFO -   Coefficient: 0.31351343435205253
2025-05-15 15:10:45,188 - INFO -   Intercept: -9.415545362789446
2025-05-15 15:10:45,188 - INFO -   Sum of Squares Error: 356.4857985139754
2025-05-15 15:10:45,188 - INFO - 

2025-05-15 15:10:45,837 - INFO - Linear Regression for [ 4.22369338  1.81643571  4.55341928  0.97162727  5.43328067  3.58009119
  1.10551597  0.93373116  0.43389507  0.20413803  3.95954792  2.86655638
  1.66845208  8.8196346   2.0697827   2.47398021  3.89055423  1.56979774
  4.56353289  3.69928341 18.04778331  1.3536574   8.81452809  0.88954252
  8.19850039  1.27380509  1.06619351  0.68715895  3.85136199  0.85693718
  0.85335999  1.06411879  0.41154928  1.50488698  0.48663251  1.51524287
  0.95974609  3.70521513  1.97375438  0.93586368  0.78124354  0.65085836
  0.83566138  0.76635085  0.57415044  3.75307702  1.94270869] with only interpolated_beta:
2025-05-15 15:10:45,838 - INFO -   Coefficient: 2.2530471615352092
2025-05-15 15:10:45,838 - INFO -   Intercept: 0.4286814625569
2025-05-15 15:10:45,838 - INFO -   Sum of Squares Error: 363.6372039903244
2025-05-15 15:10:45,839 - INFO - 

2025-05-15 15:10:46,343 - INFO - Linear Regression with All Features for [ 4.22369338  1.81643571  4.55341928  0.97162727  5.43328067  3.58009119
  1.10551597  0.93373116  0.43389507  0.20413803  3.95954792  2.86655638
  1.66845208  8.8196346   2.0697827   2.47398021  3.89055423  1.56979774
  4.56353289  3.69928341 18.04778331  1.3536574   8.81452809  0.88954252
  8.19850039  1.27380509  1.06619351  0.68715895  3.85136199  0.85693718
  0.85335999  1.06411879  0.41154928  1.50488698  0.48663251  1.51524287
  0.95974609  3.70521513  1.97375438  0.93586368  0.78124354  0.65085836
  0.83566138  0.76635085  0.57415044  3.75307702  1.94270869]:
2025-05-15 15:10:46,343 - INFO -   Coefficient for geo_lat: 0.2733903273934952
2025-05-15 15:10:46,343 - INFO -   Coefficient for interpolated_beta: 1.9369920511800827
2025-05-15 15:10:46,343 - INFO - 

2025-05-15 15:10:46,880 - INFO - Best Linear Regression Model with Cross Terms (Based on AIC) for [4.22369338 1.81643571 4.55341928 0.97162727 5.43328067 3.58009119
 1.10551597 0.93373116 0.43389507 0.20413803 3.95954792 2.86655638
 1.66845208 8.8196346  2.0697827  2.47398021 3.89055423 1.56979774
 4.56353289 3.69928341 1.3536574  8.81452809 0.88954252 8.19850039
 1.27380509 1.06619351 0.68715895 3.85136199 0.85693718 0.85335999
 1.06411879 0.41154928 1.50488698 0.48663251 1.51524287 0.95974609
 3.70521513 1.97375438 0.93586368 0.78124354 0.65085836 0.83566138
 0.76635085 0.57415044 3.75307702 1.94270869]:
2025-05-15 15:10:46,880 - INFO -   Coefficients:
2025-05-15 15:10:46,880 - INFO -     Coefficient for geo_lat: -1.0587907515696038
2025-05-15 15:10:46,880 - INFO -     Coefficient for interpolated_beta: -1.2024241002615472
2025-05-15 15:10:46,880 - INFO -     Coefficient for geo_lat*geo_lat: 0.015836225760452294
2025-05-15 15:10:46,880 - INFO -     Coefficient for geo_lat*interpolated_beta: 0.052767864976122056
2025-05-15 15:10:46,880 - INFO -     Coefficient for interpolated_beta*interpolated_beta: 0.3188841985722145
2025-05-15 15:10:46,882 - INFO - 

2025-05-15 15:10:47,442 - INFO - Linear Regression for [ 40.1575      16.41166667  45.45294118   7.31833333  46.4
  33.23333333   8.985        7.16         3.735        1.27
  36.84333333  27.58833333  10.95        59.65833333  16.09166667
  29.52666667  25.61666667  14.2         34.04166667  25.55083333
 154.7         15.86666667  81.00333333   4.45166667  73.09666667
  16.69166667   7.74666667   6.905       29.41333333   9.63
   6.5         12.74         2.3675      14.058        3.71633333
  15.16566667   9.4095      34.30216667  15.30566667   9.96883333
   7.44966667   6.71683333   9.09316667   7.66366667   5.2915
  28.29716667  20.8235    ] with only geo_lat:
2025-05-15 15:10:47,442 - INFO -   Coefficient: 2.6192634620732496
2025-05-15 15:10:47,442 - INFO -   Intercept: -77.79123349516989
2025-05-15 15:10:47,442 - INFO -   Sum of Squares Error: 25845.65414696155
2025-05-15 15:10:47,442 - INFO - 

2025-05-15 15:10:47,964 - INFO - Linear Regression for [ 40.1575      16.41166667  45.45294118   7.31833333  46.4
  33.23333333   8.985        7.16         3.735        1.27
  36.84333333  27.58833333  10.95        59.65833333  16.09166667
  29.52666667  25.61666667  14.2         34.04166667  25.55083333
 154.7         15.86666667  81.00333333   4.45166667  73.09666667
  16.69166667   7.74666667   6.905       29.41333333   9.63
   6.5         12.74         2.3675      14.058        3.71633333
  15.16566667   9.4095      34.30216667  15.30566667   9.96883333
   7.44966667   6.71683333   9.09316667   7.66366667   5.2915
  28.29716667  20.8235    ] with only interpolated_beta:
2025-05-15 15:10:47,964 - INFO -   Coefficient: 21.099428998690563
2025-05-15 15:10:47,964 - INFO -   Intercept: 2.1647963262473695
2025-05-15 15:10:47,964 - INFO -   Sum of Squares Error: 24757.407499428005
2025-05-15 15:10:47,964 - INFO - 

2025-05-15 15:10:48,506 - INFO - Linear Regression with All Features for [ 40.1575      16.41166667  45.45294118   7.31833333  46.4
  33.23333333   8.985        7.16         3.735        1.27
  36.84333333  27.58833333  10.95        59.65833333  16.09166667
  29.52666667  25.61666667  14.2         34.04166667  25.55083333
 154.7         15.86666667  81.00333333   4.45166667  73.09666667
  16.69166667   7.74666667   6.905       29.41333333   9.63
   6.5         12.74         2.3675      14.058        3.71633333
  15.16566667   9.4095      34.30216667  15.30566667   9.96883333
   7.44966667   6.71683333   9.09316667   7.66366667   5.2915
  28.29716667  20.8235    ]:
2025-05-15 15:10:48,506 - INFO -   Coefficient for geo_lat: 2.2357459530495585
2025-05-15 15:10:48,506 - INFO -   Coefficient for interpolated_beta: 18.514776715436746
2025-05-15 15:10:48,510 - INFO - 

2025-05-15 15:10:49,139 - INFO - Best Linear Regression Model with Cross Terms (Based on AIC) for [40.1575     16.41166667 45.45294118  7.31833333 46.4        33.23333333
  8.985       7.16        3.735       1.27       36.84333333 27.58833333
 10.95       59.65833333 16.09166667 29.52666667 25.61666667 14.2
 34.04166667 25.55083333 15.86666667 81.00333333  4.45166667 73.09666667
 16.69166667  7.74666667  6.905      29.41333333  9.63        6.5
 12.74        2.3675     14.058       3.71633333 15.16566667  9.4095
 34.30216667 15.30566667  9.96883333  7.44966667  6.71683333  9.09316667
  7.66366667  5.2915     28.29716667 20.8235    ]:
2025-05-15 15:10:49,139 - INFO -   Coefficients:
2025-05-15 15:10:49,139 - INFO -     Coefficient for geo_lat: -4.922254653675196
2025-05-15 15:10:49,140 - INFO -     Coefficient for interpolated_beta: -25.684023178018627
2025-05-15 15:10:49,140 - INFO -     Coefficient for geo_lat*geo_lat: 0.07717550463435785
2025-05-15 15:10:49,140 - INFO -     Coefficient for geo_lat*interpolated_beta: 0.861523203641912
2025-05-15 15:10:49,140 - INFO -     Coefficient for interpolated_beta*interpolated_beta: 2.802730540038837
2025-05-15 15:10:49,153 - INFO - 

